<?xml version="1.0" encoding="UTF-8"?>
<!-- Generated by org.testng.reporters.JUnitXMLReporter -->
<testsuite hostname="DESKTOP-73G0TGN" ignored="0" name="Default test" tests="4" failures="0" timestamp="2022-10-29T08:48:12 IST" time="61.469" errors="0">
  <testcase name="blankLogin" time="1.212" classname="core.LoginScenario"/>
  <testcase name="inValidLogin" time="4.918" classname="core.LoginScenario"/>
  <testcase name="inValidPass" time="0.908" classname="core.LoginScenario"/>
  <testcase name="validLogin" time="1.086" classname="core.LoginScenario"/>
</testsuite> <!-- Default test -->
