<?xml version="1.0" encoding="UTF-8"?>
<!-- Generated by org.testng.reporters.JUnitXMLReporter -->
<testsuite hostname="DESKTOP-73G0TGN" ignored="2" name="Test" tests="5" failures="0" timestamp="2022-11-05T09:09:42 IST" time="0.081" errors="0">
  <testcase name="testcaseOne" time="0.008" classname="test.Grouping"/>
  <testcase name="testcaseTwo" time="0.001" classname="test.Grouping"/>
  <testcase name="testcaseThree" time="0.003" classname="test.Grouping"/>
  <testcase name="testcaseFour" time="0.002" classname="test.Grouping"/>
  <testcase name="testcaseFive" time="0.002" classname="test.Grouping"/>
  <testcase name="testcaseSix" time="0.0" classname="test.Grouping">
    <ignored/>
  </testcase> <!-- testcaseSix -->
  <testcase name="testcaseSeven" time="0.0" classname="test.Grouping">
    <ignored/>
  </testcase> <!-- testcaseSeven -->
</testsuite> <!-- Test -->
