<?xml version="1.0" encoding="UTF-8"?>
<testng-results skipped="0" failed="0" ignored="2" total="7" passed="5">
  <reporter-output>
  </reporter-output>
  <suite name="Suite" duration-ms="81" started-at="2022-11-05T09:09:42 IST" finished-at="2022-11-05T09:09:42 IST">
    <groups>
      <group name="Regression">
        <method signature="Grouping.testcaseFive()[pri:0, instance:test.Grouping@14ddd49]" name="testcaseFive" class="test.Grouping"/>
      </group> <!-- Regression -->
      <group name="smoke">
        <method signature="Grouping.testcaseOne()[pri:0, instance:test.Grouping@14ddd49]" name="testcaseOne" class="test.Grouping"/>
        <method signature="Grouping.testcaseTwo()[pri:0, instance:test.Grouping@14ddd49]" name="testcaseTwo" class="test.Grouping"/>
        <method signature="Grouping.testcaseThree()[pri:0, instance:test.Grouping@14ddd49]" name="testcaseThree" class="test.Grouping"/>
        <method signature="Grouping.testcaseFour()[pri:0, instance:test.Grouping@14ddd49]" name="testcaseFour" class="test.Grouping"/>
        <method signature="Grouping.testcaseFive()[pri:0, instance:test.Grouping@14ddd49]" name="testcaseFive" class="test.Grouping"/>
      </group> <!-- smoke -->
    </groups>
    <test name="Test" duration-ms="81" started-at="2022-11-05T09:09:42 IST" finished-at="2022-11-05T09:09:42 IST">
      <class name="test.Grouping">
        <test-method status="PASS" signature="testcaseOne()[pri:0, instance:test.Grouping@14ddd49]" name="testcaseOne" duration-ms="8" started-at="2022-11-05T09:09:42 IST" finished-at="2022-11-05T09:09:42 IST">
          <reporter-output>
          </reporter-output>
        </test-method> <!-- testcaseOne -->
        <test-method status="PASS" signature="testcaseTwo()[pri:0, instance:test.Grouping@14ddd49]" name="testcaseTwo" duration-ms="1" started-at="2022-11-05T09:09:42 IST" depends-on-methods="test.Grouping.testcaseOne" finished-at="2022-11-05T09:09:42 IST">
          <reporter-output>
          </reporter-output>
        </test-method> <!-- testcaseTwo -->
        <test-method status="PASS" signature="testcaseThree()[pri:0, instance:test.Grouping@14ddd49]" name="testcaseThree" duration-ms="3" started-at="2022-11-05T09:09:42 IST" depends-on-methods="test.Grouping.testcaseTwo" finished-at="2022-11-05T09:09:42 IST">
          <reporter-output>
          </reporter-output>
        </test-method> <!-- testcaseThree -->
        <test-method status="PASS" signature="testcaseFour()[pri:0, instance:test.Grouping@14ddd49]" name="testcaseFour" duration-ms="2" started-at="2022-11-05T09:09:42 IST" depends-on-methods="test.Grouping.testcaseThree" finished-at="2022-11-05T09:09:42 IST">
          <reporter-output>
          </reporter-output>
        </test-method> <!-- testcaseFour -->
        <test-method status="PASS" signature="testcaseFive()[pri:0, instance:test.Grouping@14ddd49]" name="testcaseFive" duration-ms="2" started-at="2022-11-05T09:09:42 IST" depends-on-methods="test.Grouping.testcaseFour" finished-at="2022-11-05T09:09:42 IST">
          <reporter-output>
          </reporter-output>
        </test-method> <!-- testcaseFive -->
      </class> <!-- test.Grouping -->
    </test> <!-- Test -->
  </suite> <!-- Suite -->
</testng-results>
